[2025-03-25T00:27:47.962+0000] {processor.py:161} INFO - Started process (PID=32) to work on /opt/airflow/dags/projeto5.py
[2025-03-25T00:27:47.964+0000] {processor.py:830} INFO - Processing file /opt/airflow/dags/projeto5.py for tasks to queue
[2025-03-25T00:27:47.965+0000] {logging_mixin.py:188} INFO - [2025-03-25T00:27:47.965+0000] {dagbag.py:545} INFO - Filling up the DagBag from /opt/airflow/dags/projeto5.py
[2025-03-25T00:27:47.997+0000] {processor.py:840} INFO - DAG(s) 'projeto5' retrieved from /opt/airflow/dags/projeto5.py
[2025-03-25T00:27:48.154+0000] {logging_mixin.py:188} INFO - [2025-03-25T00:27:48.154+0000] {override.py:1829} INFO - Created Permission View: can read on DAG:projeto5
[2025-03-25T00:27:48.158+0000] {logging_mixin.py:188} INFO - [2025-03-25T00:27:48.158+0000] {override.py:1829} INFO - Created Permission View: can edit on DAG:projeto5
[2025-03-25T00:27:48.160+0000] {logging_mixin.py:188} INFO - [2025-03-25T00:27:48.160+0000] {override.py:1829} INFO - Created Permission View: can delete on DAG:projeto5
[2025-03-25T00:27:48.160+0000] {logging_mixin.py:188} INFO - [2025-03-25T00:27:48.160+0000] {dag.py:3096} INFO - Sync 1 DAGs
[2025-03-25T00:27:48.165+0000] {logging_mixin.py:188} INFO - [2025-03-25T00:27:48.165+0000] {dag.py:3118} INFO - Creating ORM DAG for projeto5
[2025-03-25T00:27:48.170+0000] {logging_mixin.py:188} INFO - [2025-03-25T00:27:48.170+0000] {dag.py:3954} INFO - Setting next_dagrun for projeto5 to 2025-03-25 00:26:00+00:00, run_after=2025-03-25 00:27:00+00:00
[2025-03-25T00:27:48.176+0000] {processor.py:183} INFO - Processing /opt/airflow/dags/projeto5.py took 0.218 seconds
[2025-03-25T00:28:18.350+0000] {processor.py:161} INFO - Started process (PID=39) to work on /opt/airflow/dags/projeto5.py
[2025-03-25T00:28:18.351+0000] {processor.py:830} INFO - Processing file /opt/airflow/dags/projeto5.py for tasks to queue
[2025-03-25T00:28:18.353+0000] {logging_mixin.py:188} INFO - [2025-03-25T00:28:18.353+0000] {dagbag.py:545} INFO - Filling up the DagBag from /opt/airflow/dags/projeto5.py
[2025-03-25T00:28:18.371+0000] {processor.py:840} INFO - DAG(s) 'projeto5' retrieved from /opt/airflow/dags/projeto5.py
[2025-03-25T00:28:18.389+0000] {logging_mixin.py:188} INFO - [2025-03-25T00:28:18.389+0000] {dag.py:3096} INFO - Sync 1 DAGs
[2025-03-25T00:28:18.400+0000] {logging_mixin.py:188} INFO - [2025-03-25T00:28:18.400+0000] {dag.py:3954} INFO - Setting next_dagrun for projeto5 to 2025-03-25 00:27:00+00:00, run_after=2025-03-25 00:28:00+00:00
[2025-03-25T00:28:18.408+0000] {processor.py:183} INFO - Processing /opt/airflow/dags/projeto5.py took 0.064 seconds
[2025-03-25T00:28:48.562+0000] {processor.py:161} INFO - Started process (PID=45) to work on /opt/airflow/dags/projeto5.py
[2025-03-25T00:28:48.562+0000] {processor.py:830} INFO - Processing file /opt/airflow/dags/projeto5.py for tasks to queue
[2025-03-25T00:28:48.563+0000] {logging_mixin.py:188} INFO - [2025-03-25T00:28:48.563+0000] {dagbag.py:545} INFO - Filling up the DagBag from /opt/airflow/dags/projeto5.py
[2025-03-25T00:28:48.572+0000] {processor.py:840} INFO - DAG(s) 'projeto5' retrieved from /opt/airflow/dags/projeto5.py
[2025-03-25T00:28:48.586+0000] {logging_mixin.py:188} INFO - [2025-03-25T00:28:48.586+0000] {dag.py:3096} INFO - Sync 1 DAGs
[2025-03-25T00:28:48.595+0000] {logging_mixin.py:188} INFO - [2025-03-25T00:28:48.595+0000] {dag.py:3954} INFO - Setting next_dagrun for projeto5 to 2025-03-25 00:27:00+00:00, run_after=2025-03-25 00:28:00+00:00
[2025-03-25T00:28:48.603+0000] {processor.py:183} INFO - Processing /opt/airflow/dags/projeto5.py took 0.044 seconds
[2025-03-25T00:29:18.837+0000] {processor.py:161} INFO - Started process (PID=52) to work on /opt/airflow/dags/projeto5.py
[2025-03-25T00:29:18.838+0000] {processor.py:830} INFO - Processing file /opt/airflow/dags/projeto5.py for tasks to queue
[2025-03-25T00:29:18.840+0000] {logging_mixin.py:188} INFO - [2025-03-25T00:29:18.839+0000] {dagbag.py:545} INFO - Filling up the DagBag from /opt/airflow/dags/projeto5.py
[2025-03-25T00:29:18.857+0000] {processor.py:840} INFO - DAG(s) 'projeto5' retrieved from /opt/airflow/dags/projeto5.py
[2025-03-25T00:29:18.875+0000] {logging_mixin.py:188} INFO - [2025-03-25T00:29:18.874+0000] {dag.py:3096} INFO - Sync 1 DAGs
[2025-03-25T00:29:18.886+0000] {logging_mixin.py:188} INFO - [2025-03-25T00:29:18.886+0000] {dag.py:3954} INFO - Setting next_dagrun for projeto5 to 2025-03-25 00:28:00+00:00, run_after=2025-03-25 00:29:00+00:00
[2025-03-25T00:29:18.893+0000] {processor.py:183} INFO - Processing /opt/airflow/dags/projeto5.py took 0.061 seconds
[2025-03-25T00:29:49.054+0000] {processor.py:161} INFO - Started process (PID=59) to work on /opt/airflow/dags/projeto5.py
[2025-03-25T00:29:49.055+0000] {processor.py:830} INFO - Processing file /opt/airflow/dags/projeto5.py for tasks to queue
[2025-03-25T00:29:49.056+0000] {logging_mixin.py:188} INFO - [2025-03-25T00:29:49.056+0000] {dagbag.py:545} INFO - Filling up the DagBag from /opt/airflow/dags/projeto5.py
[2025-03-25T00:29:49.071+0000] {processor.py:840} INFO - DAG(s) 'projeto5' retrieved from /opt/airflow/dags/projeto5.py
[2025-03-25T00:29:49.088+0000] {logging_mixin.py:188} INFO - [2025-03-25T00:29:49.088+0000] {dag.py:3096} INFO - Sync 1 DAGs
[2025-03-25T00:29:49.098+0000] {logging_mixin.py:188} INFO - [2025-03-25T00:29:49.098+0000] {dag.py:3954} INFO - Setting next_dagrun for projeto5 to 2025-03-25 00:28:00+00:00, run_after=2025-03-25 00:29:00+00:00
[2025-03-25T00:29:49.106+0000] {processor.py:183} INFO - Processing /opt/airflow/dags/projeto5.py took 0.057 seconds
[2025-03-25T00:30:19.342+0000] {processor.py:161} INFO - Started process (PID=66) to work on /opt/airflow/dags/projeto5.py
[2025-03-25T00:30:19.342+0000] {processor.py:830} INFO - Processing file /opt/airflow/dags/projeto5.py for tasks to queue
[2025-03-25T00:30:19.344+0000] {logging_mixin.py:188} INFO - [2025-03-25T00:30:19.344+0000] {dagbag.py:545} INFO - Filling up the DagBag from /opt/airflow/dags/projeto5.py
[2025-03-25T00:30:19.360+0000] {processor.py:840} INFO - DAG(s) 'projeto5' retrieved from /opt/airflow/dags/projeto5.py
[2025-03-25T00:30:19.377+0000] {logging_mixin.py:188} INFO - [2025-03-25T00:30:19.377+0000] {dag.py:3096} INFO - Sync 1 DAGs
[2025-03-25T00:30:19.389+0000] {logging_mixin.py:188} INFO - [2025-03-25T00:30:19.389+0000] {dag.py:3954} INFO - Setting next_dagrun for projeto5 to 2025-03-25 00:29:00+00:00, run_after=2025-03-25 00:30:00+00:00
[2025-03-25T00:30:19.398+0000] {processor.py:183} INFO - Processing /opt/airflow/dags/projeto5.py took 0.062 seconds
[2025-03-25T00:30:49.604+0000] {processor.py:161} INFO - Started process (PID=78) to work on /opt/airflow/dags/projeto5.py
[2025-03-25T00:30:49.605+0000] {processor.py:830} INFO - Processing file /opt/airflow/dags/projeto5.py for tasks to queue
[2025-03-25T00:30:49.607+0000] {logging_mixin.py:188} INFO - [2025-03-25T00:30:49.606+0000] {dagbag.py:545} INFO - Filling up the DagBag from /opt/airflow/dags/projeto5.py
[2025-03-25T00:30:49.622+0000] {processor.py:840} INFO - DAG(s) 'projeto5' retrieved from /opt/airflow/dags/projeto5.py
[2025-03-25T00:30:49.637+0000] {logging_mixin.py:188} INFO - [2025-03-25T00:30:49.637+0000] {dag.py:3096} INFO - Sync 1 DAGs
[2025-03-25T00:30:49.649+0000] {logging_mixin.py:188} INFO - [2025-03-25T00:30:49.649+0000] {dag.py:3954} INFO - Setting next_dagrun for projeto5 to 2025-03-25 00:29:00+00:00, run_after=2025-03-25 00:30:00+00:00
[2025-03-25T00:30:49.657+0000] {processor.py:183} INFO - Processing /opt/airflow/dags/projeto5.py took 0.059 seconds
[2025-03-25T00:31:19.848+0000] {processor.py:161} INFO - Started process (PID=85) to work on /opt/airflow/dags/projeto5.py
[2025-03-25T00:31:19.849+0000] {processor.py:830} INFO - Processing file /opt/airflow/dags/projeto5.py for tasks to queue
[2025-03-25T00:31:19.851+0000] {logging_mixin.py:188} INFO - [2025-03-25T00:31:19.851+0000] {dagbag.py:545} INFO - Filling up the DagBag from /opt/airflow/dags/projeto5.py
[2025-03-25T00:31:19.870+0000] {processor.py:840} INFO - DAG(s) 'projeto5' retrieved from /opt/airflow/dags/projeto5.py
[2025-03-25T00:31:19.889+0000] {logging_mixin.py:188} INFO - [2025-03-25T00:31:19.889+0000] {dag.py:3096} INFO - Sync 1 DAGs
[2025-03-25T00:31:19.899+0000] {logging_mixin.py:188} INFO - [2025-03-25T00:31:19.899+0000] {dag.py:3954} INFO - Setting next_dagrun for projeto5 to 2025-03-25 00:30:00+00:00, run_after=2025-03-25 00:31:00+00:00
[2025-03-25T00:31:19.907+0000] {processor.py:183} INFO - Processing /opt/airflow/dags/projeto5.py took 0.066 seconds
[2025-03-25T00:31:50.084+0000] {processor.py:161} INFO - Started process (PID=92) to work on /opt/airflow/dags/projeto5.py
[2025-03-25T00:31:50.085+0000] {processor.py:830} INFO - Processing file /opt/airflow/dags/projeto5.py for tasks to queue
[2025-03-25T00:31:50.087+0000] {logging_mixin.py:188} INFO - [2025-03-25T00:31:50.086+0000] {dagbag.py:545} INFO - Filling up the DagBag from /opt/airflow/dags/projeto5.py
[2025-03-25T00:31:50.106+0000] {processor.py:840} INFO - DAG(s) 'projeto5' retrieved from /opt/airflow/dags/projeto5.py
[2025-03-25T00:31:50.124+0000] {logging_mixin.py:188} INFO - [2025-03-25T00:31:50.124+0000] {dag.py:3096} INFO - Sync 1 DAGs
[2025-03-25T00:31:50.134+0000] {logging_mixin.py:188} INFO - [2025-03-25T00:31:50.134+0000] {dag.py:3954} INFO - Setting next_dagrun for projeto5 to 2025-03-25 00:30:00+00:00, run_after=2025-03-25 00:31:00+00:00
[2025-03-25T00:31:50.142+0000] {processor.py:183} INFO - Processing /opt/airflow/dags/projeto5.py took 0.063 seconds
[2025-03-25T00:32:20.349+0000] {processor.py:161} INFO - Started process (PID=99) to work on /opt/airflow/dags/projeto5.py
[2025-03-25T00:32:20.350+0000] {processor.py:830} INFO - Processing file /opt/airflow/dags/projeto5.py for tasks to queue
[2025-03-25T00:32:20.351+0000] {logging_mixin.py:188} INFO - [2025-03-25T00:32:20.351+0000] {dagbag.py:545} INFO - Filling up the DagBag from /opt/airflow/dags/projeto5.py
[2025-03-25T00:32:20.367+0000] {processor.py:840} INFO - DAG(s) 'projeto5' retrieved from /opt/airflow/dags/projeto5.py
[2025-03-25T00:32:20.383+0000] {logging_mixin.py:188} INFO - [2025-03-25T00:32:20.383+0000] {dag.py:3096} INFO - Sync 1 DAGs
[2025-03-25T00:32:20.393+0000] {logging_mixin.py:188} INFO - [2025-03-25T00:32:20.392+0000] {dag.py:3954} INFO - Setting next_dagrun for projeto5 to 2025-03-25 00:31:00+00:00, run_after=2025-03-25 00:32:00+00:00
[2025-03-25T00:32:20.400+0000] {processor.py:183} INFO - Processing /opt/airflow/dags/projeto5.py took 0.057 seconds
[2025-03-25T00:32:50.640+0000] {processor.py:161} INFO - Started process (PID=106) to work on /opt/airflow/dags/projeto5.py
[2025-03-25T00:32:50.640+0000] {processor.py:830} INFO - Processing file /opt/airflow/dags/projeto5.py for tasks to queue
[2025-03-25T00:32:50.642+0000] {logging_mixin.py:188} INFO - [2025-03-25T00:32:50.642+0000] {dagbag.py:545} INFO - Filling up the DagBag from /opt/airflow/dags/projeto5.py
[2025-03-25T00:32:50.655+0000] {processor.py:840} INFO - DAG(s) 'projeto5' retrieved from /opt/airflow/dags/projeto5.py
[2025-03-25T00:32:50.670+0000] {logging_mixin.py:188} INFO - [2025-03-25T00:32:50.670+0000] {dag.py:3096} INFO - Sync 1 DAGs
[2025-03-25T00:32:50.680+0000] {logging_mixin.py:188} INFO - [2025-03-25T00:32:50.680+0000] {dag.py:3954} INFO - Setting next_dagrun for projeto5 to 2025-03-25 00:31:00+00:00, run_after=2025-03-25 00:32:00+00:00
[2025-03-25T00:32:50.688+0000] {processor.py:183} INFO - Processing /opt/airflow/dags/projeto5.py took 0.054 seconds
[2025-03-25T00:33:20.889+0000] {processor.py:161} INFO - Started process (PID=112) to work on /opt/airflow/dags/projeto5.py
[2025-03-25T00:33:20.890+0000] {processor.py:830} INFO - Processing file /opt/airflow/dags/projeto5.py for tasks to queue
[2025-03-25T00:33:20.891+0000] {logging_mixin.py:188} INFO - [2025-03-25T00:33:20.891+0000] {dagbag.py:545} INFO - Filling up the DagBag from /opt/airflow/dags/projeto5.py
[2025-03-25T00:33:20.907+0000] {processor.py:840} INFO - DAG(s) 'projeto5' retrieved from /opt/airflow/dags/projeto5.py
[2025-03-25T00:33:20.924+0000] {logging_mixin.py:188} INFO - [2025-03-25T00:33:20.924+0000] {dag.py:3096} INFO - Sync 1 DAGs
[2025-03-25T00:33:20.934+0000] {logging_mixin.py:188} INFO - [2025-03-25T00:33:20.934+0000] {dag.py:3954} INFO - Setting next_dagrun for projeto5 to 2025-03-25 00:32:00+00:00, run_after=2025-03-25 00:33:00+00:00
[2025-03-25T00:33:20.943+0000] {processor.py:183} INFO - Processing /opt/airflow/dags/projeto5.py took 0.059 seconds
[2025-03-25T00:33:51.136+0000] {processor.py:161} INFO - Started process (PID=119) to work on /opt/airflow/dags/projeto5.py
[2025-03-25T00:33:51.138+0000] {processor.py:830} INFO - Processing file /opt/airflow/dags/projeto5.py for tasks to queue
[2025-03-25T00:33:51.140+0000] {logging_mixin.py:188} INFO - [2025-03-25T00:33:51.140+0000] {dagbag.py:545} INFO - Filling up the DagBag from /opt/airflow/dags/projeto5.py
[2025-03-25T00:33:51.157+0000] {processor.py:840} INFO - DAG(s) 'projeto5' retrieved from /opt/airflow/dags/projeto5.py
[2025-03-25T00:33:51.174+0000] {logging_mixin.py:188} INFO - [2025-03-25T00:33:51.174+0000] {dag.py:3096} INFO - Sync 1 DAGs
[2025-03-25T00:33:51.185+0000] {logging_mixin.py:188} INFO - [2025-03-25T00:33:51.185+0000] {dag.py:3954} INFO - Setting next_dagrun for projeto5 to 2025-03-25 00:32:00+00:00, run_after=2025-03-25 00:33:00+00:00
[2025-03-25T00:33:51.194+0000] {processor.py:183} INFO - Processing /opt/airflow/dags/projeto5.py took 0.064 seconds
[2025-03-25T00:34:21.384+0000] {processor.py:161} INFO - Started process (PID=126) to work on /opt/airflow/dags/projeto5.py
[2025-03-25T00:34:21.385+0000] {processor.py:830} INFO - Processing file /opt/airflow/dags/projeto5.py for tasks to queue
[2025-03-25T00:34:21.386+0000] {logging_mixin.py:188} INFO - [2025-03-25T00:34:21.386+0000] {dagbag.py:545} INFO - Filling up the DagBag from /opt/airflow/dags/projeto5.py
[2025-03-25T00:34:21.395+0000] {processor.py:840} INFO - DAG(s) 'projeto5' retrieved from /opt/airflow/dags/projeto5.py
[2025-03-25T00:34:21.407+0000] {logging_mixin.py:188} INFO - [2025-03-25T00:34:21.407+0000] {dag.py:3096} INFO - Sync 1 DAGs
[2025-03-25T00:34:21.417+0000] {logging_mixin.py:188} INFO - [2025-03-25T00:34:21.417+0000] {dag.py:3954} INFO - Setting next_dagrun for projeto5 to 2025-03-25 00:33:00+00:00, run_after=2025-03-25 00:34:00+00:00
[2025-03-25T00:34:21.425+0000] {processor.py:183} INFO - Processing /opt/airflow/dags/projeto5.py took 0.044 seconds
[2025-03-25T00:34:51.643+0000] {processor.py:161} INFO - Started process (PID=133) to work on /opt/airflow/dags/projeto5.py
[2025-03-25T00:34:51.643+0000] {processor.py:830} INFO - Processing file /opt/airflow/dags/projeto5.py for tasks to queue
[2025-03-25T00:34:51.645+0000] {logging_mixin.py:188} INFO - [2025-03-25T00:34:51.645+0000] {dagbag.py:545} INFO - Filling up the DagBag from /opt/airflow/dags/projeto5.py
[2025-03-25T00:34:51.660+0000] {processor.py:840} INFO - DAG(s) 'projeto5' retrieved from /opt/airflow/dags/projeto5.py
[2025-03-25T00:34:51.677+0000] {logging_mixin.py:188} INFO - [2025-03-25T00:34:51.677+0000] {dag.py:3096} INFO - Sync 1 DAGs
[2025-03-25T00:34:51.687+0000] {logging_mixin.py:188} INFO - [2025-03-25T00:34:51.687+0000] {dag.py:3954} INFO - Setting next_dagrun for projeto5 to 2025-03-25 00:33:00+00:00, run_after=2025-03-25 00:34:00+00:00
[2025-03-25T00:34:51.694+0000] {processor.py:183} INFO - Processing /opt/airflow/dags/projeto5.py took 0.057 seconds
[2025-03-25T00:35:21.910+0000] {processor.py:161} INFO - Started process (PID=140) to work on /opt/airflow/dags/projeto5.py
[2025-03-25T00:35:21.911+0000] {processor.py:830} INFO - Processing file /opt/airflow/dags/projeto5.py for tasks to queue
[2025-03-25T00:35:21.912+0000] {logging_mixin.py:188} INFO - [2025-03-25T00:35:21.912+0000] {dagbag.py:545} INFO - Filling up the DagBag from /opt/airflow/dags/projeto5.py
[2025-03-25T00:35:21.928+0000] {processor.py:840} INFO - DAG(s) 'projeto5' retrieved from /opt/airflow/dags/projeto5.py
[2025-03-25T00:35:21.943+0000] {logging_mixin.py:188} INFO - [2025-03-25T00:35:21.943+0000] {dag.py:3096} INFO - Sync 1 DAGs
[2025-03-25T00:35:21.953+0000] {logging_mixin.py:188} INFO - [2025-03-25T00:35:21.953+0000] {dag.py:3954} INFO - Setting next_dagrun for projeto5 to 2025-03-25 00:34:00+00:00, run_after=2025-03-25 00:35:00+00:00
[2025-03-25T00:35:21.961+0000] {processor.py:183} INFO - Processing /opt/airflow/dags/projeto5.py took 0.057 seconds
[2025-03-25T00:35:52.138+0000] {processor.py:161} INFO - Started process (PID=147) to work on /opt/airflow/dags/projeto5.py
[2025-03-25T00:35:52.139+0000] {processor.py:830} INFO - Processing file /opt/airflow/dags/projeto5.py for tasks to queue
[2025-03-25T00:35:52.140+0000] {logging_mixin.py:188} INFO - [2025-03-25T00:35:52.140+0000] {dagbag.py:545} INFO - Filling up the DagBag from /opt/airflow/dags/projeto5.py
[2025-03-25T00:35:52.156+0000] {processor.py:840} INFO - DAG(s) 'projeto5' retrieved from /opt/airflow/dags/projeto5.py
[2025-03-25T00:35:52.177+0000] {logging_mixin.py:188} INFO - [2025-03-25T00:35:52.176+0000] {dag.py:3096} INFO - Sync 1 DAGs
[2025-03-25T00:35:52.190+0000] {logging_mixin.py:188} INFO - [2025-03-25T00:35:52.190+0000] {dag.py:3954} INFO - Setting next_dagrun for projeto5 to 2025-03-25 00:34:00+00:00, run_after=2025-03-25 00:35:00+00:00
[2025-03-25T00:35:52.199+0000] {processor.py:183} INFO - Processing /opt/airflow/dags/projeto5.py took 0.066 seconds
[2025-03-25T00:36:22.369+0000] {processor.py:161} INFO - Started process (PID=154) to work on /opt/airflow/dags/projeto5.py
[2025-03-25T00:36:22.370+0000] {processor.py:830} INFO - Processing file /opt/airflow/dags/projeto5.py for tasks to queue
[2025-03-25T00:36:22.372+0000] {logging_mixin.py:188} INFO - [2025-03-25T00:36:22.371+0000] {dagbag.py:545} INFO - Filling up the DagBag from /opt/airflow/dags/projeto5.py
[2025-03-25T00:36:22.389+0000] {processor.py:840} INFO - DAG(s) 'projeto5' retrieved from /opt/airflow/dags/projeto5.py
[2025-03-25T00:36:22.406+0000] {logging_mixin.py:188} INFO - [2025-03-25T00:36:22.405+0000] {dag.py:3096} INFO - Sync 1 DAGs
[2025-03-25T00:36:22.417+0000] {logging_mixin.py:188} INFO - [2025-03-25T00:36:22.417+0000] {dag.py:3954} INFO - Setting next_dagrun for projeto5 to 2025-03-25 00:35:00+00:00, run_after=2025-03-25 00:36:00+00:00
[2025-03-25T00:36:22.426+0000] {processor.py:183} INFO - Processing /opt/airflow/dags/projeto5.py took 0.062 seconds
[2025-03-25T00:36:52.562+0000] {processor.py:161} INFO - Started process (PID=161) to work on /opt/airflow/dags/projeto5.py
[2025-03-25T00:36:52.563+0000] {processor.py:830} INFO - Processing file /opt/airflow/dags/projeto5.py for tasks to queue
[2025-03-25T00:36:52.565+0000] {logging_mixin.py:188} INFO - [2025-03-25T00:36:52.565+0000] {dagbag.py:545} INFO - Filling up the DagBag from /opt/airflow/dags/projeto5.py
[2025-03-25T00:36:52.583+0000] {processor.py:840} INFO - DAG(s) 'projeto5' retrieved from /opt/airflow/dags/projeto5.py
[2025-03-25T00:36:52.604+0000] {logging_mixin.py:188} INFO - [2025-03-25T00:36:52.603+0000] {dag.py:3096} INFO - Sync 1 DAGs
[2025-03-25T00:36:52.617+0000] {logging_mixin.py:188} INFO - [2025-03-25T00:36:52.616+0000] {dag.py:3954} INFO - Setting next_dagrun for projeto5 to 2025-03-25 00:36:00+00:00, run_after=2025-03-25 00:37:00+00:00
[2025-03-25T00:36:52.625+0000] {processor.py:183} INFO - Processing /opt/airflow/dags/projeto5.py took 0.070 seconds
[2025-03-25T00:37:22.810+0000] {processor.py:161} INFO - Started process (PID=168) to work on /opt/airflow/dags/projeto5.py
[2025-03-25T00:37:22.811+0000] {processor.py:830} INFO - Processing file /opt/airflow/dags/projeto5.py for tasks to queue
[2025-03-25T00:37:22.812+0000] {logging_mixin.py:188} INFO - [2025-03-25T00:37:22.812+0000] {dagbag.py:545} INFO - Filling up the DagBag from /opt/airflow/dags/projeto5.py
[2025-03-25T00:37:22.829+0000] {processor.py:840} INFO - DAG(s) 'projeto5' retrieved from /opt/airflow/dags/projeto5.py
[2025-03-25T00:37:22.845+0000] {logging_mixin.py:188} INFO - [2025-03-25T00:37:22.845+0000] {dag.py:3096} INFO - Sync 1 DAGs
[2025-03-25T00:37:22.856+0000] {logging_mixin.py:188} INFO - [2025-03-25T00:37:22.856+0000] {dag.py:3954} INFO - Setting next_dagrun for projeto5 to 2025-03-25 00:37:00+00:00, run_after=2025-03-25 00:38:00+00:00
[2025-03-25T00:37:22.865+0000] {processor.py:183} INFO - Processing /opt/airflow/dags/projeto5.py took 0.061 seconds
[2025-03-25T00:37:53.064+0000] {processor.py:161} INFO - Started process (PID=175) to work on /opt/airflow/dags/projeto5.py
[2025-03-25T00:37:53.064+0000] {processor.py:830} INFO - Processing file /opt/airflow/dags/projeto5.py for tasks to queue
[2025-03-25T00:37:53.066+0000] {logging_mixin.py:188} INFO - [2025-03-25T00:37:53.066+0000] {dagbag.py:545} INFO - Filling up the DagBag from /opt/airflow/dags/projeto5.py
[2025-03-25T00:37:53.083+0000] {processor.py:840} INFO - DAG(s) 'projeto5' retrieved from /opt/airflow/dags/projeto5.py
[2025-03-25T00:37:53.101+0000] {logging_mixin.py:188} INFO - [2025-03-25T00:37:53.100+0000] {dag.py:3096} INFO - Sync 1 DAGs
[2025-03-25T00:37:53.111+0000] {logging_mixin.py:188} INFO - [2025-03-25T00:37:53.111+0000] {dag.py:3954} INFO - Setting next_dagrun for projeto5 to 2025-03-25 00:37:00+00:00, run_after=2025-03-25 00:38:00+00:00
[2025-03-25T00:37:53.119+0000] {processor.py:183} INFO - Processing /opt/airflow/dags/projeto5.py took 0.061 seconds
[2025-03-25T00:38:23.299+0000] {processor.py:161} INFO - Started process (PID=182) to work on /opt/airflow/dags/projeto5.py
[2025-03-25T00:38:23.299+0000] {processor.py:830} INFO - Processing file /opt/airflow/dags/projeto5.py for tasks to queue
[2025-03-25T00:38:23.303+0000] {logging_mixin.py:188} INFO - [2025-03-25T00:38:23.302+0000] {dagbag.py:545} INFO - Filling up the DagBag from /opt/airflow/dags/projeto5.py
[2025-03-25T00:38:23.320+0000] {processor.py:840} INFO - DAG(s) 'projeto5' retrieved from /opt/airflow/dags/projeto5.py
[2025-03-25T00:38:23.336+0000] {logging_mixin.py:188} INFO - [2025-03-25T00:38:23.335+0000] {dag.py:3096} INFO - Sync 1 DAGs
[2025-03-25T00:38:23.345+0000] {logging_mixin.py:188} INFO - [2025-03-25T00:38:23.345+0000] {dag.py:3954} INFO - Setting next_dagrun for projeto5 to 2025-03-25 00:38:00+00:00, run_after=2025-03-25 00:39:00+00:00
[2025-03-25T00:38:23.353+0000] {processor.py:183} INFO - Processing /opt/airflow/dags/projeto5.py took 0.060 seconds
[2025-03-25T00:38:53.568+0000] {processor.py:161} INFO - Started process (PID=189) to work on /opt/airflow/dags/projeto5.py
[2025-03-25T00:38:53.569+0000] {processor.py:830} INFO - Processing file /opt/airflow/dags/projeto5.py for tasks to queue
[2025-03-25T00:38:53.570+0000] {logging_mixin.py:188} INFO - [2025-03-25T00:38:53.570+0000] {dagbag.py:545} INFO - Filling up the DagBag from /opt/airflow/dags/projeto5.py
[2025-03-25T00:38:53.585+0000] {processor.py:840} INFO - DAG(s) 'projeto5' retrieved from /opt/airflow/dags/projeto5.py
[2025-03-25T00:38:53.602+0000] {logging_mixin.py:188} INFO - [2025-03-25T00:38:53.602+0000] {dag.py:3096} INFO - Sync 1 DAGs
[2025-03-25T00:38:53.614+0000] {logging_mixin.py:188} INFO - [2025-03-25T00:38:53.613+0000] {dag.py:3954} INFO - Setting next_dagrun for projeto5 to 2025-03-25 00:38:00+00:00, run_after=2025-03-25 00:39:00+00:00
[2025-03-25T00:38:53.622+0000] {processor.py:183} INFO - Processing /opt/airflow/dags/projeto5.py took 0.059 seconds
[2025-03-25T00:39:23.825+0000] {processor.py:161} INFO - Started process (PID=196) to work on /opt/airflow/dags/projeto5.py
[2025-03-25T00:39:23.826+0000] {processor.py:830} INFO - Processing file /opt/airflow/dags/projeto5.py for tasks to queue
[2025-03-25T00:39:23.829+0000] {logging_mixin.py:188} INFO - [2025-03-25T00:39:23.828+0000] {dagbag.py:545} INFO - Filling up the DagBag from /opt/airflow/dags/projeto5.py
[2025-03-25T00:39:23.847+0000] {processor.py:840} INFO - DAG(s) 'projeto5' retrieved from /opt/airflow/dags/projeto5.py
[2025-03-25T00:39:23.865+0000] {logging_mixin.py:188} INFO - [2025-03-25T00:39:23.865+0000] {dag.py:3096} INFO - Sync 1 DAGs
[2025-03-25T00:39:23.876+0000] {logging_mixin.py:188} INFO - [2025-03-25T00:39:23.876+0000] {dag.py:3954} INFO - Setting next_dagrun for projeto5 to 2025-03-25 00:39:00+00:00, run_after=2025-03-25 00:40:00+00:00
[2025-03-25T00:39:23.885+0000] {processor.py:183} INFO - Processing /opt/airflow/dags/projeto5.py took 0.065 seconds
[2025-03-25T00:39:54.059+0000] {processor.py:161} INFO - Started process (PID=202) to work on /opt/airflow/dags/projeto5.py
[2025-03-25T00:39:54.059+0000] {processor.py:830} INFO - Processing file /opt/airflow/dags/projeto5.py for tasks to queue
[2025-03-25T00:39:54.062+0000] {logging_mixin.py:188} INFO - [2025-03-25T00:39:54.062+0000] {dagbag.py:545} INFO - Filling up the DagBag from /opt/airflow/dags/projeto5.py
[2025-03-25T00:39:54.082+0000] {processor.py:840} INFO - DAG(s) 'projeto5' retrieved from /opt/airflow/dags/projeto5.py
[2025-03-25T00:39:54.098+0000] {logging_mixin.py:188} INFO - [2025-03-25T00:39:54.098+0000] {dag.py:3096} INFO - Sync 1 DAGs
[2025-03-25T00:39:54.110+0000] {logging_mixin.py:188} INFO - [2025-03-25T00:39:54.110+0000] {dag.py:3954} INFO - Setting next_dagrun for projeto5 to 2025-03-25 00:39:00+00:00, run_after=2025-03-25 00:40:00+00:00
[2025-03-25T00:39:54.119+0000] {processor.py:183} INFO - Processing /opt/airflow/dags/projeto5.py took 0.066 seconds
[2025-03-25T00:40:24.217+0000] {processor.py:161} INFO - Started process (PID=209) to work on /opt/airflow/dags/projeto5.py
[2025-03-25T00:40:24.218+0000] {processor.py:830} INFO - Processing file /opt/airflow/dags/projeto5.py for tasks to queue
[2025-03-25T00:40:24.220+0000] {logging_mixin.py:188} INFO - [2025-03-25T00:40:24.220+0000] {dagbag.py:545} INFO - Filling up the DagBag from /opt/airflow/dags/projeto5.py
[2025-03-25T00:40:24.241+0000] {processor.py:840} INFO - DAG(s) 'projeto5' retrieved from /opt/airflow/dags/projeto5.py
[2025-03-25T00:40:24.262+0000] {logging_mixin.py:188} INFO - [2025-03-25T00:40:24.261+0000] {dag.py:3096} INFO - Sync 1 DAGs
[2025-03-25T00:40:24.273+0000] {logging_mixin.py:188} INFO - [2025-03-25T00:40:24.273+0000] {dag.py:3954} INFO - Setting next_dagrun for projeto5 to 2025-03-25 00:40:00+00:00, run_after=2025-03-25 00:41:00+00:00
[2025-03-25T00:40:24.281+0000] {processor.py:183} INFO - Processing /opt/airflow/dags/projeto5.py took 0.070 seconds
[2025-03-25T00:40:54.457+0000] {processor.py:161} INFO - Started process (PID=216) to work on /opt/airflow/dags/projeto5.py
[2025-03-25T00:40:54.457+0000] {processor.py:830} INFO - Processing file /opt/airflow/dags/projeto5.py for tasks to queue
[2025-03-25T00:40:54.458+0000] {logging_mixin.py:188} INFO - [2025-03-25T00:40:54.458+0000] {dagbag.py:545} INFO - Filling up the DagBag from /opt/airflow/dags/projeto5.py
[2025-03-25T00:40:54.468+0000] {processor.py:840} INFO - DAG(s) 'projeto5' retrieved from /opt/airflow/dags/projeto5.py
[2025-03-25T00:40:54.481+0000] {logging_mixin.py:188} INFO - [2025-03-25T00:40:54.481+0000] {dag.py:3096} INFO - Sync 1 DAGs
[2025-03-25T00:40:54.491+0000] {logging_mixin.py:188} INFO - [2025-03-25T00:40:54.491+0000] {dag.py:3954} INFO - Setting next_dagrun for projeto5 to 2025-03-25 00:40:00+00:00, run_after=2025-03-25 00:41:00+00:00
[2025-03-25T00:40:54.498+0000] {processor.py:183} INFO - Processing /opt/airflow/dags/projeto5.py took 0.044 seconds
[2025-03-25T00:41:24.747+0000] {processor.py:161} INFO - Started process (PID=223) to work on /opt/airflow/dags/projeto5.py
[2025-03-25T00:41:24.748+0000] {processor.py:830} INFO - Processing file /opt/airflow/dags/projeto5.py for tasks to queue
[2025-03-25T00:41:24.749+0000] {logging_mixin.py:188} INFO - [2025-03-25T00:41:24.749+0000] {dagbag.py:545} INFO - Filling up the DagBag from /opt/airflow/dags/projeto5.py
[2025-03-25T00:41:24.759+0000] {processor.py:840} INFO - DAG(s) 'projeto5' retrieved from /opt/airflow/dags/projeto5.py
[2025-03-25T00:41:24.771+0000] {logging_mixin.py:188} INFO - [2025-03-25T00:41:24.771+0000] {dag.py:3096} INFO - Sync 1 DAGs
[2025-03-25T00:41:24.780+0000] {logging_mixin.py:188} INFO - [2025-03-25T00:41:24.780+0000] {dag.py:3954} INFO - Setting next_dagrun for projeto5 to 2025-03-25 00:41:00+00:00, run_after=2025-03-25 00:42:00+00:00
[2025-03-25T00:41:24.787+0000] {processor.py:183} INFO - Processing /opt/airflow/dags/projeto5.py took 0.043 seconds
[2025-03-25T00:41:54.956+0000] {processor.py:161} INFO - Started process (PID=230) to work on /opt/airflow/dags/projeto5.py
[2025-03-25T00:41:54.957+0000] {processor.py:830} INFO - Processing file /opt/airflow/dags/projeto5.py for tasks to queue
[2025-03-25T00:41:54.959+0000] {logging_mixin.py:188} INFO - [2025-03-25T00:41:54.959+0000] {dagbag.py:545} INFO - Filling up the DagBag from /opt/airflow/dags/projeto5.py
[2025-03-25T00:41:54.979+0000] {processor.py:840} INFO - DAG(s) 'projeto5' retrieved from /opt/airflow/dags/projeto5.py
[2025-03-25T00:41:55.001+0000] {logging_mixin.py:188} INFO - [2025-03-25T00:41:55.001+0000] {dag.py:3096} INFO - Sync 1 DAGs
[2025-03-25T00:41:55.018+0000] {logging_mixin.py:188} INFO - [2025-03-25T00:41:55.018+0000] {dag.py:3954} INFO - Setting next_dagrun for projeto5 to 2025-03-25 00:41:00+00:00, run_after=2025-03-25 00:42:00+00:00
[2025-03-25T00:41:55.031+0000] {processor.py:183} INFO - Processing /opt/airflow/dags/projeto5.py took 0.082 seconds
[2025-03-25T00:42:25.194+0000] {processor.py:161} INFO - Started process (PID=237) to work on /opt/airflow/dags/projeto5.py
[2025-03-25T00:42:25.195+0000] {processor.py:830} INFO - Processing file /opt/airflow/dags/projeto5.py for tasks to queue
[2025-03-25T00:42:25.197+0000] {logging_mixin.py:188} INFO - [2025-03-25T00:42:25.196+0000] {dagbag.py:545} INFO - Filling up the DagBag from /opt/airflow/dags/projeto5.py
[2025-03-25T00:42:25.212+0000] {processor.py:840} INFO - DAG(s) 'projeto5' retrieved from /opt/airflow/dags/projeto5.py
[2025-03-25T00:42:25.231+0000] {logging_mixin.py:188} INFO - [2025-03-25T00:42:25.231+0000] {dag.py:3096} INFO - Sync 1 DAGs
[2025-03-25T00:42:25.242+0000] {logging_mixin.py:188} INFO - [2025-03-25T00:42:25.242+0000] {dag.py:3954} INFO - Setting next_dagrun for projeto5 to 2025-03-25 00:41:00+00:00, run_after=2025-03-25 00:42:00+00:00
[2025-03-25T00:42:25.251+0000] {processor.py:183} INFO - Processing /opt/airflow/dags/projeto5.py took 0.062 seconds
[2025-03-25T00:42:55.493+0000] {processor.py:161} INFO - Started process (PID=244) to work on /opt/airflow/dags/projeto5.py
[2025-03-25T00:42:55.494+0000] {processor.py:830} INFO - Processing file /opt/airflow/dags/projeto5.py for tasks to queue
[2025-03-25T00:42:55.496+0000] {logging_mixin.py:188} INFO - [2025-03-25T00:42:55.496+0000] {dagbag.py:545} INFO - Filling up the DagBag from /opt/airflow/dags/projeto5.py
[2025-03-25T00:42:55.513+0000] {processor.py:840} INFO - DAG(s) 'projeto5' retrieved from /opt/airflow/dags/projeto5.py
[2025-03-25T00:42:55.532+0000] {logging_mixin.py:188} INFO - [2025-03-25T00:42:55.532+0000] {dag.py:3096} INFO - Sync 1 DAGs
[2025-03-25T00:42:55.543+0000] {logging_mixin.py:188} INFO - [2025-03-25T00:42:55.543+0000] {dag.py:3954} INFO - Setting next_dagrun for projeto5 to 2025-03-25 00:41:00+00:00, run_after=2025-03-25 00:42:00+00:00
[2025-03-25T00:42:55.550+0000] {processor.py:183} INFO - Processing /opt/airflow/dags/projeto5.py took 0.063 seconds
