[2025-03-25T00:27:47.922+0000] {manager.py:470} INFO - Processing files using up to 2 processes at a time 
[2025-03-25T00:27:47.923+0000] {manager.py:471} INFO - Process each file at most once every 30 seconds
[2025-03-25T00:27:47.924+0000] {manager.py:472} INFO - Checking for new files in /opt/airflow/dags every 300 seconds
[2025-03-25T00:27:47.924+0000] {manager.py:737} INFO - Searching for files in /opt/airflow/dags
[2025-03-25T00:27:47.928+0000] {manager.py:740} INFO - There are 1 files in /opt/airflow/dags
[2025-03-25T00:27:47.973+0000] {manager.py:878} INFO - 
================================================================================
DAG File Processing Stats

File Path                        PID  Runtime      # DAGs    # Errors  Last Runtime    Last Run
-----------------------------  -----  ---------  --------  ----------  --------------  ----------
/opt/airflow/dags/projeto5.py     32  0.02s             0           0
================================================================================
[2025-03-25T00:28:18.118+0000] {manager.py:878} INFO - 
================================================================================
DAG File Processing Stats

File Path                      PID    Runtime      # DAGs    # Errors  Last Runtime    Last Run
-----------------------------  -----  ---------  --------  ----------  --------------  -------------------
/opt/airflow/dags/projeto5.py                           1           0  0.23s           2025-03-25T00:27:48
================================================================================
[2025-03-25T00:28:48.558+0000] {manager.py:878} INFO - 
================================================================================
DAG File Processing Stats

File Path                        PID  Runtime      # DAGs    # Errors  Last Runtime    Last Run
-----------------------------  -----  ---------  --------  ----------  --------------  -------------------
/opt/airflow/dags/projeto5.py     45  0.00s             1           0  0.07s           2025-03-25T00:28:18
================================================================================
[2025-03-25T00:29:18.829+0000] {manager.py:878} INFO - 
================================================================================
DAG File Processing Stats

File Path                        PID  Runtime      # DAGs    # Errors  Last Runtime    Last Run
-----------------------------  -----  ---------  --------  ----------  --------------  -------------------
/opt/airflow/dags/projeto5.py     52  0.00s             1           0  0.05s           2025-03-25T00:28:48
================================================================================
[2025-03-25T00:29:49.046+0000] {manager.py:878} INFO - 
================================================================================
DAG File Processing Stats

File Path                        PID  Runtime      # DAGs    # Errors  Last Runtime    Last Run
-----------------------------  -----  ---------  --------  ----------  --------------  -------------------
/opt/airflow/dags/projeto5.py     59  0.00s             1           0  0.07s           2025-03-25T00:29:18
================================================================================
[2025-03-25T00:30:19.333+0000] {manager.py:878} INFO - 
================================================================================
DAG File Processing Stats

File Path                        PID  Runtime      # DAGs    # Errors  Last Runtime    Last Run
-----------------------------  -----  ---------  --------  ----------  --------------  -------------------
/opt/airflow/dags/projeto5.py     66  0.00s             1           0  0.07s           2025-03-25T00:29:49
================================================================================
[2025-03-25T00:30:49.593+0000] {manager.py:878} INFO - 
================================================================================
DAG File Processing Stats

File Path                        PID  Runtime      # DAGs    # Errors  Last Runtime    Last Run
-----------------------------  -----  ---------  --------  ----------  --------------  -------------------
/opt/airflow/dags/projeto5.py     78  0.00s             1           0  0.07s           2025-03-25T00:30:19
================================================================================
[2025-03-25T00:31:19.838+0000] {manager.py:878} INFO - 
================================================================================
DAG File Processing Stats

File Path                        PID  Runtime      # DAGs    # Errors  Last Runtime    Last Run
-----------------------------  -----  ---------  --------  ----------  --------------  -------------------
/opt/airflow/dags/projeto5.py     85  0.00s             1           0  0.07s           2025-03-25T00:30:49
================================================================================
[2025-03-25T00:31:50.076+0000] {manager.py:878} INFO - 
================================================================================
DAG File Processing Stats

File Path                        PID  Runtime      # DAGs    # Errors  Last Runtime    Last Run
-----------------------------  -----  ---------  --------  ----------  --------------  -------------------
/opt/airflow/dags/projeto5.py     92  0.00s             1           0  0.08s           2025-03-25T00:31:19
================================================================================
[2025-03-25T00:32:20.341+0000] {manager.py:878} INFO - 
================================================================================
DAG File Processing Stats

File Path                        PID  Runtime      # DAGs    # Errors  Last Runtime    Last Run
-----------------------------  -----  ---------  --------  ----------  --------------  -------------------
/opt/airflow/dags/projeto5.py     99  0.00s             1           0  0.07s           2025-03-25T00:31:50
================================================================================
[2025-03-25T00:32:48.589+0000] {manager.py:737} INFO - Searching for files in /opt/airflow/dags
[2025-03-25T00:32:48.594+0000] {manager.py:740} INFO - There are 1 files in /opt/airflow/dags
[2025-03-25T00:32:50.627+0000] {manager.py:878} INFO - 
================================================================================
DAG File Processing Stats

File Path                        PID  Runtime      # DAGs    # Errors  Last Runtime    Last Run
-----------------------------  -----  ---------  --------  ----------  --------------  -------------------
/opt/airflow/dags/projeto5.py    106  0.00s             1           0  0.07s           2025-03-25T00:32:20
================================================================================
[2025-03-25T00:33:20.881+0000] {manager.py:878} INFO - 
================================================================================
DAG File Processing Stats

File Path                        PID  Runtime      # DAGs    # Errors  Last Runtime    Last Run
-----------------------------  -----  ---------  --------  ----------  --------------  -------------------
/opt/airflow/dags/projeto5.py    112  0.00s             1           0  0.07s           2025-03-25T00:32:50
================================================================================
[2025-03-25T00:33:51.126+0000] {manager.py:878} INFO - 
================================================================================
DAG File Processing Stats

File Path                        PID  Runtime      # DAGs    # Errors  Last Runtime    Last Run
-----------------------------  -----  ---------  --------  ----------  --------------  -------------------
/opt/airflow/dags/projeto5.py    119  0.00s             1           0  0.07s           2025-03-25T00:33:20
================================================================================
[2025-03-25T00:34:21.378+0000] {manager.py:878} INFO - 
================================================================================
DAG File Processing Stats

File Path                        PID  Runtime      # DAGs    # Errors  Last Runtime    Last Run
-----------------------------  -----  ---------  --------  ----------  --------------  -------------------
/opt/airflow/dags/projeto5.py    126  0.00s             1           0  0.08s           2025-03-25T00:33:51
================================================================================
[2025-03-25T00:34:51.634+0000] {manager.py:878} INFO - 
================================================================================
DAG File Processing Stats

File Path                        PID  Runtime      # DAGs    # Errors  Last Runtime    Last Run
-----------------------------  -----  ---------  --------  ----------  --------------  -------------------
/opt/airflow/dags/projeto5.py    133  0.00s             1           0  0.05s           2025-03-25T00:34:21
================================================================================
[2025-03-25T00:35:21.901+0000] {manager.py:878} INFO - 
================================================================================
DAG File Processing Stats

File Path                        PID  Runtime      # DAGs    # Errors  Last Runtime    Last Run
-----------------------------  -----  ---------  --------  ----------  --------------  -------------------
/opt/airflow/dags/projeto5.py    140  0.00s             1           0  0.07s           2025-03-25T00:34:51
================================================================================
[2025-03-25T00:35:52.130+0000] {manager.py:878} INFO - 
================================================================================
DAG File Processing Stats

File Path                        PID  Runtime      # DAGs    # Errors  Last Runtime    Last Run
-----------------------------  -----  ---------  --------  ----------  --------------  -------------------
/opt/airflow/dags/projeto5.py    147  0.00s             1           0  0.07s           2025-03-25T00:35:21
================================================================================
[2025-03-25T00:36:22.358+0000] {manager.py:878} INFO - 
================================================================================
DAG File Processing Stats

File Path                        PID  Runtime      # DAGs    # Errors  Last Runtime    Last Run
-----------------------------  -----  ---------  --------  ----------  --------------  -------------------
/opt/airflow/dags/projeto5.py    154  0.01s             1           0  0.08s           2025-03-25T00:35:52
================================================================================
[2025-03-25T00:36:52.552+0000] {manager.py:878} INFO - 
================================================================================
DAG File Processing Stats

File Path                        PID  Runtime      # DAGs    # Errors  Last Runtime    Last Run
-----------------------------  -----  ---------  --------  ----------  --------------  -------------------
/opt/airflow/dags/projeto5.py    161  0.00s             1           0  0.08s           2025-03-25T00:36:22
================================================================================
[2025-03-25T00:37:22.800+0000] {manager.py:878} INFO - 
================================================================================
DAG File Processing Stats

File Path                        PID  Runtime      # DAGs    # Errors  Last Runtime    Last Run
-----------------------------  -----  ---------  --------  ----------  --------------  -------------------
/opt/airflow/dags/projeto5.py    168  0.00s             1           0  0.08s           2025-03-25T00:36:52
================================================================================
[2025-03-25T00:37:49.004+0000] {manager.py:737} INFO - Searching for files in /opt/airflow/dags
[2025-03-25T00:37:49.011+0000] {manager.py:740} INFO - There are 1 files in /opt/airflow/dags
[2025-03-25T00:37:53.052+0000] {manager.py:878} INFO - 
================================================================================
DAG File Processing Stats

File Path                        PID  Runtime      # DAGs    # Errors  Last Runtime    Last Run
-----------------------------  -----  ---------  --------  ----------  --------------  -------------------
/opt/airflow/dags/projeto5.py    175  0.00s             1           0  0.07s           2025-03-25T00:37:22
================================================================================
[2025-03-25T00:38:23.290+0000] {manager.py:878} INFO - 
================================================================================
DAG File Processing Stats

File Path                        PID  Runtime      # DAGs    # Errors  Last Runtime    Last Run
-----------------------------  -----  ---------  --------  ----------  --------------  -------------------
/opt/airflow/dags/projeto5.py    182  0.00s             1           0  0.07s           2025-03-25T00:37:53
================================================================================
[2025-03-25T00:38:53.558+0000] {manager.py:878} INFO - 
================================================================================
DAG File Processing Stats

File Path                        PID  Runtime      # DAGs    # Errors  Last Runtime    Last Run
-----------------------------  -----  ---------  --------  ----------  --------------  -------------------
/opt/airflow/dags/projeto5.py    189  0.00s             1           0  0.07s           2025-03-25T00:38:23
================================================================================
[2025-03-25T00:39:23.814+0000] {manager.py:878} INFO - 
================================================================================
DAG File Processing Stats

File Path                        PID  Runtime      # DAGs    # Errors  Last Runtime    Last Run
-----------------------------  -----  ---------  --------  ----------  --------------  -------------------
/opt/airflow/dags/projeto5.py    196  0.01s             1           0  0.07s           2025-03-25T00:38:53
================================================================================
[2025-03-25T00:39:54.044+0000] {manager.py:878} INFO - 
================================================================================
DAG File Processing Stats

File Path                        PID  Runtime      # DAGs    # Errors  Last Runtime    Last Run
-----------------------------  -----  ---------  --------  ----------  --------------  -------------------
/opt/airflow/dags/projeto5.py    202  0.00s             1           0  0.08s           2025-03-25T00:39:23
================================================================================
[2025-03-25T00:40:24.206+0000] {manager.py:878} INFO - 
================================================================================
DAG File Processing Stats

File Path                        PID  Runtime      # DAGs    # Errors  Last Runtime    Last Run
-----------------------------  -----  ---------  --------  ----------  --------------  -------------------
/opt/airflow/dags/projeto5.py    209  0.00s             1           0  0.08s           2025-03-25T00:39:54
================================================================================
[2025-03-25T00:40:54.451+0000] {manager.py:878} INFO - 
================================================================================
DAG File Processing Stats

File Path                        PID  Runtime      # DAGs    # Errors  Last Runtime    Last Run
-----------------------------  -----  ---------  --------  ----------  --------------  -------------------
/opt/airflow/dags/projeto5.py    216  0.00s             1           0  0.08s           2025-03-25T00:40:24
================================================================================
[2025-03-25T00:41:24.742+0000] {manager.py:878} INFO - 
================================================================================
DAG File Processing Stats

File Path                        PID  Runtime      # DAGs    # Errors  Last Runtime    Last Run
-----------------------------  -----  ---------  --------  ----------  --------------  -------------------
/opt/airflow/dags/projeto5.py    223  0.00s             1           0  0.05s           2025-03-25T00:40:54
================================================================================
[2025-03-25T00:41:54.945+0000] {manager.py:878} INFO - 
================================================================================
DAG File Processing Stats

File Path                        PID  Runtime      # DAGs    # Errors  Last Runtime    Last Run
-----------------------------  -----  ---------  --------  ----------  --------------  -------------------
/opt/airflow/dags/projeto5.py    230  0.00s             1           0  0.05s           2025-03-25T00:41:24
================================================================================
[2025-03-25T00:42:25.185+0000] {manager.py:878} INFO - 
================================================================================
DAG File Processing Stats

File Path                        PID  Runtime      # DAGs    # Errors  Last Runtime    Last Run
-----------------------------  -----  ---------  --------  ----------  --------------  -------------------
/opt/airflow/dags/projeto5.py    237  0.00s             1           0  0.10s           2025-03-25T00:41:55
================================================================================
[2025-03-25T00:42:49.399+0000] {manager.py:737} INFO - Searching for files in /opt/airflow/dags
[2025-03-25T00:42:49.411+0000] {manager.py:740} INFO - There are 1 files in /opt/airflow/dags
[2025-03-25T00:42:55.480+0000] {manager.py:878} INFO - 
================================================================================
DAG File Processing Stats

File Path                        PID  Runtime      # DAGs    # Errors  Last Runtime    Last Run
-----------------------------  -----  ---------  --------  ----------  --------------  -------------------
/opt/airflow/dags/projeto5.py    244  0.00s             1           0  0.07s           2025-03-25T00:42:25
================================================================================
[2025-03-25T00:43:11.164+0000] {manager.py:452} INFO - Exiting gracefully upon receiving signal 15
